<?xml version="1.0" encoding="UTF-8"?>
<!-- Generated by org.testng.reporters.JUnitXMLReporter -->
<testsuite ignored="0" hostname="BISWAJIT2000" failures="1" tests="1" name="Default test" time="1.169" errors="0" timestamp="2023-08-18T11:34:06 IST">
  <testcase classname="io.cucumber.testng.AbstractTestNGCucumberTests" name="runScenario" time="0.192">
    <failure type="java.lang.NullPointerException" message="Cannot read field &amp;quot;pageObjectManager&amp;quot; because &amp;quot;this.testContextSetup&amp;quot; is null">
      <![CDATA[java.lang.NullPointerException: Cannot read field "pageObjectManager" because "this.testContextSetup" is null
at com.sumvention.defination.HomePageStepDefination.user_enter_email_as_and_password_as(HomePageStepDefination.java:40)
at ✽.User enter Email as "admin@yourstore.com" and Password as "admin"(file:///C:/Users/biswa/eclipse-workspace/CucumberMahindra/./src/main/resources/Features/HomePage.feature:7)
]]>
    </failure>
  </testcase> <!-- runScenario -->
</testsuite> <!-- Default test -->
