<?xml version="1.0" encoding="UTF-8"?>
<testng-results ignored="0" total="1" passed="0" failed="1" skipped="0">
  <reporter-output>
  </reporter-output>
  <suite started-at="2023-08-18T11:34:04 IST" name="Default suite" finished-at="2023-08-18T11:34:06 IST" duration-ms="1169">
    <groups>
      <group name="cucumber">
        <method signature="AbstractTestNGCucumberTests.runScenario(io.cucumber.testng.PickleWrapper,io.cucumber.testng.FeatureWrapper)[pri:0, instance:com.sumvention.Runner.Run@77c2494c]" name="runScenario" class="io.cucumber.testng.AbstractTestNGCucumberTests"/>
      </group> <!-- cucumber -->
    </groups>
    <test started-at="2023-08-18T11:34:04 IST" name="Default test" finished-at="2023-08-18T11:34:06 IST" duration-ms="1169">
      <class name="com.sumvention.Runner.Run">
        <test-method is-config="true" signature="setUpClass(org.testng.ITestContext)[pri:0, instance:com.sumvention.Runner.Run@77c2494c]" started-at="2023-08-18T11:34:04 IST" name="setUpClass" finished-at="2023-08-18T11:34:05 IST" duration-ms="853" status="PASS">
          <params>
            <param index="0">
              <value>
                <![CDATA[org.testng.TestRunner@4b6579e8]]>
              </value>
            </param>
          </params>
          <reporter-output>
          </reporter-output>
        </test-method> <!-- setUpClass -->
        <test-method signature="runScenario(io.cucumber.testng.PickleWrapper,io.cucumber.testng.FeatureWrapper)[pri:0, instance:com.sumvention.Runner.Run@77c2494c]" started-at="2023-08-18T11:34:05 IST" name="runScenario" description="Runs Cucumber Scenarios" data-provider="scenarios" finished-at="2023-08-18T11:34:06 IST" duration-ms="192" status="FAIL">
          <params>
            <param index="0">
              <value>
                <![CDATA["Successfully Login with the Valid Credentials"]]>
              </value>
            </param>
            <param index="1">
              <value>
                <![CDATA["Login"]]>
              </value>
            </param>
          </params>
          <exception class="java.lang.NullPointerException">
            <message>
              <![CDATA[Cannot read field "pageObjectManager" because "this.testContextSetup" is null]]>
            </message>
            <full-stacktrace>
              <![CDATA[java.lang.NullPointerException: Cannot read field "pageObjectManager" because "this.testContextSetup" is null
at com.sumvention.defination.HomePageStepDefination.user_enter_email_as_and_password_as(HomePageStepDefination.java:40)
at ✽.User enter Email as "admin@yourstore.com" and Password as "admin"(file:///C:/Users/biswa/eclipse-workspace/CucumberMahindra/./src/main/resources/Features/HomePage.feature:7)
]]>
            </full-stacktrace>
          </exception> <!-- java.lang.NullPointerException -->
          <reporter-output>
          </reporter-output>
        </test-method> <!-- runScenario -->
        <test-method is-config="true" signature="tearDownClass()[pri:0, instance:com.sumvention.Runner.Run@77c2494c]" started-at="2023-08-18T11:34:06 IST" name="tearDownClass" finished-at="2023-08-18T11:34:06 IST" duration-ms="60" status="PASS">
          <reporter-output>
          </reporter-output>
        </test-method> <!-- tearDownClass -->
      </class> <!-- com.sumvention.Runner.Run -->
    </test> <!-- Default test -->
  </suite> <!-- Default suite -->
</testng-results>
