<?xml version="1.0" encoding="UTF-8"?>
<!-- Generated by org.testng.reporters.JUnitReportReporter -->
<testsuite hostname="BISWAJIT2000" failures="0" tests="1" name="com.sumvention.Runner.Run" time="0.192" errors="1" timestamp="2023-08-18T11:34:06 IST" skipped="0">
  <testcase classname="com.sumvention.Runner.Run" name="runScenario" time="0.192">
    <error message="Cannot read field &quot;pageObjectManager&quot; because &quot;this.testContextSetup&quot; is null" type="java.lang.NullPointerException">
      <![CDATA[java.lang.NullPointerException: Cannot read field "pageObjectManager" because "this.testContextSetup" is null
at com.sumvention.defination.HomePageStepDefination.user_enter_email_as_and_password_as(HomePageStepDefination.java:40)
at ✽.User enter Email as "admin@yourstore.com" and Password as "admin"(file:///C:/Users/biswa/eclipse-workspace/CucumberMahindra/./src/main/resources/Features/HomePage.feature:7)
]]>
    </error>
  </testcase> <!-- runScenario -->
  <system-out/>
</testsuite> <!-- com.sumvention.Runner.Run -->
